timestamp: 2017-04-03T21:02:57.943475
CREATE TABLE auth_user(
    id INTEGER PRIMARY KEY AUTOINCREMENT,
    first_name CHAR(128),
    last_name CHAR(128),
    email CHAR(512),
    password CHAR(512),
    registration_key CHAR(512),
    reset_password_key CHAR(512),
    registration_id CHAR(512)
);
success!
timestamp: 2017-04-03T21:02:57.946491
CREATE TABLE auth_group(
    id INTEGER PRIMARY KEY AUTOINCREMENT,
    role CHAR(512),
    description TEXT
);
success!
timestamp: 2017-04-03T21:02:57.949071
CREATE TABLE auth_membership(
    id INTEGER PRIMARY KEY AUTOINCREMENT,
    user_id INTEGER REFERENCES auth_user (id) ON DELETE CASCADE  ,
    group_id INTEGER REFERENCES auth_group (id) ON DELETE CASCADE  
);
success!
timestamp: 2017-04-03T21:02:57.952085
CREATE TABLE auth_permission(
    id INTEGER PRIMARY KEY AUTOINCREMENT,
    group_id INTEGER REFERENCES auth_group (id) ON DELETE CASCADE  ,
    name CHAR(512),
    table_name CHAR(512),
    record_id INTEGER
);
success!
timestamp: 2017-04-03T21:02:57.954517
CREATE TABLE auth_event(
    id INTEGER PRIMARY KEY AUTOINCREMENT,
    time_stamp TIMESTAMP,
    client_ip CHAR(512),
    user_id INTEGER REFERENCES auth_user (id) ON DELETE CASCADE  ,
    origin CHAR(512),
    description TEXT
);
success!
timestamp: 2017-04-03T21:02:57.956748
CREATE TABLE auth_cas(
    id INTEGER PRIMARY KEY AUTOINCREMENT,
    user_id INTEGER REFERENCES auth_user (id) ON DELETE CASCADE  ,
    created_on TIMESTAMP,
    service CHAR(512),
    ticket CHAR(512),
    renew CHAR(1)
);
success!
timestamp: 2017-05-14T14:40:21.829931
CREATE TABLE data_source(
    id SERIAL PRIMARY KEY,
    source VARCHAR(512) NOT NULL,
    date_time TIMESTAMP NOT NULL,
    type TEXT NOT NULL
);
success!
timestamp: 2017-05-14T14:40:22.088552
CREATE TABLE company_info(
    id SERIAL PRIMARY KEY,
    name VARCHAR(512) NOT NULL,
    ticker VARCHAR(512),
    exchange VARCHAR(512),
    country VARCHAR(512),
    data_source_id INTEGER REFERENCES data_source (id) ON DELETE CASCADE  
);
success!
timestamp: 2017-05-14T14:40:22.123579
CREATE TABLE ipo_info(
    id SERIAL PRIMARY KEY,
    company_id INTEGER REFERENCES company_info (id) ON DELETE CASCADE  NOT NULL ,
    data_source_id INTEGER REFERENCES data_source (id) ON DELETE CASCADE  ,
    date DATE,
    date_week VARCHAR(512),
    broker VARCHAR(512)
);
success!
timestamp: 2017-05-14T14:40:22.132446
CREATE TABLE company_description(
    id SERIAL PRIMARY KEY,
    description VARCHAR(512) NOT NULL,
    company_id INTEGER REFERENCES company_info (id) ON DELETE CASCADE  NOT NULL ,
    data_source_id INTEGER REFERENCES data_source (id) ON DELETE CASCADE  
);
success!
